<?xml version="1.0" encoding="UTF-8"?>
<!-- Generated by org.testng.reporters.JUnitReportReporter -->
<testsuite hostname="DESKTOP-R7HB36T" failures="0" tests="3" name="testcases.NaukriApp" time="3.562" errors="0" timestamp="2020-07-04T21:45:35 IST" skipped="0">
  <testcase classname="testcases.NaukriApp" name="openApplication" time="3.094"/>
  <testcase classname="testcases.NaukriApp" name="printInfo" time="0.126"/>
  <testcase classname="testcases.NaukriApp" name="printURL" time="0.342"/>
</testsuite> <!-- testcases.NaukriApp -->
