<?xml version="1.0" encoding="UTF-8"?>
<!-- Generated by org.testng.reporters.JUnitReportReporter -->
<testsuite hostname="DESKTOP-R7HB36T" failures="0" tests="2" name="testcases.GmailApp" time="9.779" errors="0" timestamp="2020-07-04T19:34:22 IST" skipped="0">
  <testcase classname="testcases.GmailApp" name="openApplication" time="9.414"/>
  <testcase classname="testcases.GmailApp" name="printInfo" time="0.365"/>
</testsuite> <!-- testcases.GmailApp -->
