<?xml version="1.0" encoding="UTF-8"?>
<!-- Generated by org.testng.reporters.JUnitReportReporter -->
<testsuite hostname="DESKTOP-R7HB36T" failures="0" tests="4" name="testcases.FacebookApp" time="7.626" errors="0" timestamp="2020-07-05T03:50:46 IST" skipped="0">
  <testcase classname="testcases.FacebookApp" name="openApplication" time="7.513"/>
  <testcase classname="testcases.FacebookApp" name="printInfo" time="0.067"/>
  <testcase classname="testcases.FacebookApp" name="printURL" time="0.037"/>
  <testcase classname="testcases.FacebookApp" name="printHelloMessage" time="0.009"/>
</testsuite> <!-- testcases.FacebookApp -->
