<?xml version="1.0" encoding="UTF-8"?>
<!-- Generated by org.testng.reporters.JUnitReportReporter -->
<<<<<<< HEAD
<testsuite hostname="DESKTOP-R7HB36T" failures="0" tests="1" name="testcases.SpicejetApp" time="6.797" errors="0" timestamp="2020-07-05T03:59:55 IST" skipped="0">
  <testcase classname="testcases.SpicejetApp" name="openApplication" time="6.797"/>
=======
<testsuite hostname="DESKTOP-R7HB36T" failures="0" tests="1" name="testcases.SpicejetApp" time="10.328" errors="0" timestamp="2020-07-06T16:37:54 IST" skipped="0">
  <testcase classname="testcases.SpicejetApp" name="openApplication" time="10.328"/>
>>>>>>> 9dfbc8605a90dca16e4909c4c0bb530121716756
</testsuite> <!-- testcases.SpicejetApp -->
