<?xml version="1.0" encoding="UTF-8"?>
<!-- Generated by org.testng.reporters.JUnitReportReporter -->
<testsuite hostname="DESKTOP-R7HB36T" failures="0" tests="3" name="testcases.GmailApp" time="8.307" errors="0" timestamp="2020-07-05T03:50:46 IST" skipped="0">
  <testcase classname="testcases.GmailApp" name="openApplication" time="7.841"/>
  <testcase classname="testcases.GmailApp" name="printInfo" time="0.066"/>
  <testcase classname="testcases.GmailApp" name="printURL" time="0.400"/>
</testsuite> <!-- testcases.GmailApp -->
