<?xml version="1.0" encoding="UTF-8"?>
<!-- Generated by org.testng.reporters.JUnitReportReporter -->
<testsuite hostname="DESKTOP-R7HB36T" failures="0" tests="4" name="testcases.NaukriApp" time="14.383" errors="0" timestamp="2020-07-08T16:15:37 IST" skipped="0">
  <testcase classname="testcases.NaukriApp" name="openApplication" time="9.258"/>
  <testcase classname="testcases.NaukriApp" name="printInfo" time="3.812"/>
  <testcase classname="testcases.NaukriApp" name="printURL" time="1.311"/>
  <testcase classname="testcases.NaukriApp" name="printHelloMessage" time="0.002"/>
</testsuite> <!-- testcases.NaukriApp -->
