<?xml version="1.0" encoding="UTF-8"?>
<!-- Generated by org.testng.reporters.JUnitReportReporter -->
<testsuite hostname="DESKTOP-R7HB36T" failures="0" tests="3" name="testcases.FacebookApp" time="5.307" errors="0" timestamp="2020-07-04T21:45:35 IST" skipped="0">
  <testcase classname="testcases.FacebookApp" name="openApplication" time="5.223"/>
  <testcase classname="testcases.FacebookApp" name="printInfo" time="0.060"/>
  <testcase classname="testcases.FacebookApp" name="printURL" time="0.024"/>
</testsuite> <!-- testcases.FacebookApp -->
