<?xml version="1.0" encoding="UTF-8"?>
<!-- Generated by org.testng.reporters.JUnitReportReporter -->
<testsuite hostname="DESKTOP-R7HB36T" failures="0" tests="3" name="testcases.GmailApp" time="7.999" errors="0" timestamp="2020-07-06T16:37:54 IST" skipped="0">
  <testcase classname="testcases.GmailApp" name="openApplication" time="7.705"/>
  <testcase classname="testcases.GmailApp" name="printInfo" time="0.192"/>
  <testcase classname="testcases.GmailApp" name="printURL" time="0.102"/>
</testsuite> <!-- testcases.GmailApp -->
