<?xml version="1.0" encoding="UTF-8"?>
<!-- Generated by org.testng.reporters.JUnitReportReporter -->
<<<<<<< HEAD
<testsuite hostname="DESKTOP-R7HB36T" failures="0" tests="4" name="testcases.FacebookApp" time="12.900" errors="0" timestamp="2020-07-05T03:59:55 IST" skipped="0">
  <testcase classname="testcases.FacebookApp" name="openApplication" time="12.778"/>
  <testcase classname="testcases.FacebookApp" name="printInfo" time="0.059"/>
  <testcase classname="testcases.FacebookApp" name="printURL" time="0.061"/>
=======
<testsuite hostname="DESKTOP-R7HB36T" failures="0" tests="4" name="testcases.FacebookApp" time="11.818" errors="0" timestamp="2020-07-06T16:37:54 IST" skipped="0">
  <testcase classname="testcases.FacebookApp" name="openApplication" time="9.874"/>
  <testcase classname="testcases.FacebookApp" name="printInfo" time="1.853"/>
  <testcase classname="testcases.FacebookApp" name="printURL" time="0.089"/>
>>>>>>> 9dfbc8605a90dca16e4909c4c0bb530121716756
  <testcase classname="testcases.FacebookApp" name="printHelloMessage" time="0.002"/>
</testsuite> <!-- testcases.FacebookApp -->
