<?xml version="1.0" encoding="UTF-8"?>
<!-- Generated by org.testng.reporters.JUnitReportReporter -->
<testsuite hostname="DESKTOP-R7HB36T" failures="0" tests="3" name="testcases.GmailApp" time="4.583" errors="0" timestamp="2020-07-04T21:45:35 IST" skipped="0">
  <testcase classname="testcases.GmailApp" name="openApplication" time="4.268"/>
  <testcase classname="testcases.GmailApp" name="printInfo" time="0.296"/>
  <testcase classname="testcases.GmailApp" name="printURL" time="0.019"/>
</testsuite> <!-- testcases.GmailApp -->
