<?xml version="1.0" encoding="UTF-8"?>
<!-- Generated by org.testng.reporters.JUnitReportReporter -->
<testsuite hostname="DESKTOP-R7HB36T" failures="0" tests="4" name="testcases.FacebookApp" time="14.757" errors="0" timestamp="2020-07-08T15:10:57 IST" skipped="0">
  <testcase classname="testcases.FacebookApp" name="openApplication" time="14.728"/>
  <testcase classname="testcases.FacebookApp" name="printInfo" time="0.015"/>
  <testcase classname="testcases.FacebookApp" name="printURL" time="0.013"/>
  <testcase classname="testcases.FacebookApp" name="printHelloMessage" time="0.001"/>
</testsuite> <!-- testcases.FacebookApp -->
