<?xml version="1.0" encoding="UTF-8"?>
<!-- Generated by org.testng.reporters.JUnitReportReporter -->
<testsuite hostname="DESKTOP-R7HB36T" failures="0" tests="4" name="testcases.FacebookApp" time="12.782" errors="0" timestamp="2020-07-08T16:26:18 IST" skipped="0">
  <testcase classname="testcases.FacebookApp" name="openApplication" time="12.430"/>
  <testcase classname="testcases.FacebookApp" name="printInfo" time="0.299"/>
  <testcase classname="testcases.FacebookApp" name="printURL" time="0.051"/>
  <testcase classname="testcases.FacebookApp" name="printHelloMessage" time="0.002"/>
</testsuite> <!-- testcases.FacebookApp -->
