<?xml version="1.0" encoding="UTF-8"?>
<!-- Generated by org.testng.reporters.JUnitReportReporter -->
<testsuite hostname="DESKTOP-R7HB36T" failures="0" tests="3" name="testcases.NaukriApp" time="3.730" errors="0" timestamp="2020-07-05T03:50:46 IST" skipped="0">
  <testcase classname="testcases.NaukriApp" name="openApplication" time="3.447"/>
  <testcase classname="testcases.NaukriApp" name="printInfo" time="0.014"/>
  <testcase classname="testcases.NaukriApp" name="printURL" time="0.269"/>
</testsuite> <!-- testcases.NaukriApp -->
