<?xml version="1.0" encoding="UTF-8"?>
<!-- Generated by org.testng.reporters.JUnitReportReporter -->
<testsuite hostname="DESKTOP-R7HB36T" failures="0" tests="2" name="testcases.FacebookApp" time="10.530" errors="0" timestamp="2020-07-04T19:34:22 IST" skipped="0">
  <testcase classname="testcases.FacebookApp" name="openApplication" time="10.466"/>
  <testcase classname="testcases.FacebookApp" name="printInfo" time="0.064"/>
</testsuite> <!-- testcases.FacebookApp -->
