<?xml version="1.0" encoding="UTF-8"?>
<!-- Generated by org.testng.reporters.JUnitReportReporter -->
<<<<<<< HEAD
<testsuite hostname="DESKTOP-R7HB36T" failures="0" tests="3" name="testcases.NaukriApp" time="12.579" errors="0" timestamp="2020-07-05T03:59:55 IST" skipped="0">
  <testcase classname="testcases.NaukriApp" name="openApplication" time="12.448"/>
  <testcase classname="testcases.NaukriApp" name="printInfo" time="0.101"/>
  <testcase classname="testcases.NaukriApp" name="printURL" time="0.030"/>
=======
<testsuite hostname="DESKTOP-R7HB36T" failures="0" tests="4" name="testcases.NaukriApp" time="14.455" errors="0" timestamp="2020-07-06T16:37:54 IST" skipped="0">
  <testcase classname="testcases.NaukriApp" name="openApplication" time="14.340"/>
  <testcase classname="testcases.NaukriApp" name="printInfo" time="0.025"/>
  <testcase classname="testcases.NaukriApp" name="printURL" time="0.086"/>
  <testcase classname="testcases.NaukriApp" name="printHelloMessage" time="0.004"/>
>>>>>>> 9dfbc8605a90dca16e4909c4c0bb530121716756
</testsuite> <!-- testcases.NaukriApp -->
