<?xml version="1.0" encoding="UTF-8"?>
<!-- Generated by org.testng.reporters.JUnitReportReporter -->
<testsuite hostname="DESKTOP-R7HB36T" failures="0" tests="3" name="testcases.GmailApp" time="10.672" errors="0" timestamp="2020-07-08T16:26:18 IST" skipped="0">
  <testcase classname="testcases.GmailApp" name="openApplication" time="9.170"/>
  <testcase classname="testcases.GmailApp" name="printInfo" time="0.484"/>
  <testcase classname="testcases.GmailApp" name="printURL" time="1.018"/>
</testsuite> <!-- testcases.GmailApp -->
