<?xml version="1.0" encoding="UTF-8"?>
<!-- Generated by org.testng.reporters.JUnitReportReporter -->
<testsuite hostname="DESKTOP-R7HB36T" failures="0" tests="3" name="testcases.GmailApp" time="6.760" errors="0" timestamp="2020-07-04T22:19:57 IST" skipped="0">
  <testcase classname="testcases.GmailApp" name="openApplication" time="6.667"/>
  <testcase classname="testcases.GmailApp" name="printInfo" time="0.059"/>
  <testcase classname="testcases.GmailApp" name="printURL" time="0.034"/>
</testsuite> <!-- testcases.GmailApp -->
