<?xml version="1.0" encoding="UTF-8"?>
<!-- Generated by org.testng.reporters.JUnitReportReporter -->
<testsuite hostname="DESKTOP-R7HB36T" failures="0" tests="3" name="testcases.NaukriApp" time="12.579" errors="0" timestamp="2020-07-05T03:59:55 IST" skipped="0">
  <testcase classname="testcases.NaukriApp" name="openApplication" time="12.448"/>
  <testcase classname="testcases.NaukriApp" name="printInfo" time="0.101"/>
  <testcase classname="testcases.NaukriApp" name="printURL" time="0.030"/>
</testsuite> <!-- testcases.NaukriApp -->
