<?xml version="1.0" encoding="UTF-8"?>
<!-- Generated by org.testng.reporters.JUnitReportReporter -->
<testsuite hostname="DESKTOP-R7HB36T" failures="0" tests="4" name="testcases.NaukriApp" time="11.476" errors="0" timestamp="2020-07-08T15:10:57 IST" skipped="0">
  <testcase classname="testcases.NaukriApp" name="openApplication" time="11.213"/>
  <testcase classname="testcases.NaukriApp" name="printInfo" time="0.158"/>
  <testcase classname="testcases.NaukriApp" name="printURL" time="0.103"/>
  <testcase classname="testcases.NaukriApp" name="printHelloMessage" time="0.002"/>
</testsuite> <!-- testcases.NaukriApp -->
