<?xml version="1.0" encoding="UTF-8"?>
<!-- Generated by org.testng.reporters.JUnitReportReporter -->
<testsuite hostname="DESKTOP-R7HB36T" failures="0" tests="3" name="testcases.GmailApp" time="23.027" errors="0" timestamp="2020-07-08T16:15:37 IST" skipped="0">
  <testcase classname="testcases.GmailApp" name="openApplication" time="22.518"/>
  <testcase classname="testcases.GmailApp" name="printInfo" time="0.472"/>
  <testcase classname="testcases.GmailApp" name="printURL" time="0.037"/>
</testsuite> <!-- testcases.GmailApp -->
