<?xml version="1.0" encoding="UTF-8"?>
<!-- Generated by org.testng.reporters.JUnitReportReporter -->
<testsuite hostname="DESKTOP-R7HB36T" failures="0" tests="4" name="testcases.NaukriApp" time="10.104" errors="0" timestamp="2020-07-08T16:26:18 IST" skipped="0">
  <testcase classname="testcases.NaukriApp" name="openApplication" time="5.499"/>
  <testcase classname="testcases.NaukriApp" name="printInfo" time="2.086"/>
  <testcase classname="testcases.NaukriApp" name="printURL" time="2.513"/>
  <testcase classname="testcases.NaukriApp" name="printHelloMessage" time="0.006"/>
</testsuite> <!-- testcases.NaukriApp -->
