<?xml version="1.0" encoding="UTF-8"?>
<!-- Generated by org.testng.reporters.JUnitReportReporter -->
<testsuite hostname="DESKTOP-R7HB36T" failures="0" tests="4" name="testcases.FacebookApp" time="11.818" errors="0" timestamp="2020-07-06T16:37:54 IST" skipped="0">
  <testcase classname="testcases.FacebookApp" name="openApplication" time="9.874"/>
  <testcase classname="testcases.FacebookApp" name="printInfo" time="1.853"/>
  <testcase classname="testcases.FacebookApp" name="printURL" time="0.089"/>
  <testcase classname="testcases.FacebookApp" name="printHelloMessage" time="0.002"/>
</testsuite> <!-- testcases.FacebookApp -->
