<?xml version="1.0" encoding="UTF-8"?>
<!-- Generated by org.testng.reporters.JUnitReportReporter -->
<testsuite hostname="DESKTOP-R7HB36T" failures="0" tests="1" name="testcases.SpicejetApp" time="12.625" errors="0" timestamp="2020-07-08T15:10:57 IST" skipped="0">
  <testcase classname="testcases.SpicejetApp" name="openApplication" time="12.625"/>
</testsuite> <!-- testcases.SpicejetApp -->
