<?xml version="1.0" encoding="UTF-8"?>
<!-- Generated by org.testng.reporters.JUnitReportReporter -->
<testsuite hostname="DESKTOP-R7HB36T" failures="0" tests="1" name="testcases.SpicejetApp" time="6.797" errors="0" timestamp="2020-07-05T03:59:55 IST" skipped="0">
  <testcase classname="testcases.SpicejetApp" name="openApplication" time="6.797"/>
</testsuite> <!-- testcases.SpicejetApp -->
