<?xml version="1.0" encoding="UTF-8"?>
<!-- Generated by org.testng.reporters.JUnitReportReporter -->
<testsuite hostname="DESKTOP-R7HB36T" failures="0" tests="3" name="testcases.NaukriApp" time="2.866" errors="0" timestamp="2020-07-04T22:19:57 IST" skipped="0">
  <testcase classname="testcases.NaukriApp" name="openApplication" time="2.702"/>
  <testcase classname="testcases.NaukriApp" name="printInfo" time="0.121"/>
  <testcase classname="testcases.NaukriApp" name="printURL" time="0.043"/>
</testsuite> <!-- testcases.NaukriApp -->
