<?xml version="1.0" encoding="UTF-8"?>
<!-- Generated by org.testng.reporters.JUnitReportReporter -->
<testsuite hostname="DESKTOP-R7HB36T" failures="0" tests="2" name="testcases.FacebookApp" time="9.880" errors="0" timestamp="2020-07-04T19:08:09 IST" skipped="0">
  <testcase classname="testcases.FacebookApp" name="openApplication" time="9.770"/>
  <testcase classname="testcases.FacebookApp" name="printInfo" time="0.110"/>
</testsuite> <!-- testcases.FacebookApp -->
