<?xml version="1.0" encoding="UTF-8"?>
<!-- Generated by org.testng.reporters.JUnitReportReporter -->
<testsuite hostname="DESKTOP-R7HB36T" failures="0" tests="3" name="testcases.FacebookApp" time="4.627" errors="0" timestamp="2020-07-04T22:19:57 IST" skipped="0">
  <testcase classname="testcases.FacebookApp" name="openApplication" time="4.556"/>
  <testcase classname="testcases.FacebookApp" name="printInfo" time="0.042"/>
  <testcase classname="testcases.FacebookApp" name="printURL" time="0.029"/>
</testsuite> <!-- testcases.FacebookApp -->
