<?xml version="1.0" encoding="UTF-8"?>
<!-- Generated by org.testng.reporters.JUnitReportReporter -->
<testsuite hostname="DESKTOP-R7HB36T" failures="0" tests="2" name="testcases.Linkvalidation" time="13.990" errors="0" timestamp="2020-07-08T16:15:37 IST" skipped="0">
  <testcase classname="testcases.Linkvalidation" name="openApplication" time="11.609"/>
  <testcase classname="testcases.Linkvalidation" name="printInfo" time="2.381"/>
</testsuite> <!-- testcases.Linkvalidation -->
