<?xml version="1.0" encoding="UTF-8"?>
<!-- Generated by org.testng.reporters.JUnitReportReporter -->
<testsuite hostname="DESKTOP-R7HB36T" failures="0" tests="3" name="testcases.GmailApp" time="16.232" errors="0" timestamp="2020-07-05T03:59:55 IST" skipped="0">
  <testcase classname="testcases.GmailApp" name="openApplication" time="16.141"/>
  <testcase classname="testcases.GmailApp" name="printInfo" time="0.069"/>
  <testcase classname="testcases.GmailApp" name="printURL" time="0.022"/>
</testsuite> <!-- testcases.GmailApp -->
