<?xml version="1.0" encoding="UTF-8"?>
<!-- Generated by org.testng.reporters.JUnitReportReporter -->
<testsuite hostname="DESKTOP-R7HB36T" failures="0" tests="3" name="testcases.GmailApp" time="9.085" errors="0" timestamp="2020-07-08T15:10:57 IST" skipped="0">
  <testcase classname="testcases.GmailApp" name="openApplication" time="8.793"/>
  <testcase classname="testcases.GmailApp" name="printInfo" time="0.171"/>
  <testcase classname="testcases.GmailApp" name="printURL" time="0.121"/>
</testsuite> <!-- testcases.GmailApp -->
