<?xml version="1.0" encoding="UTF-8"?>
<!-- Generated by org.testng.reporters.JUnitReportReporter -->
<testsuite hostname="DESKTOP-R7HB36T" failures="0" tests="4" name="testcases.FacebookApp" time="23.225" errors="0" timestamp="2020-07-08T16:15:37 IST" skipped="0">
  <testcase classname="testcases.FacebookApp" name="openApplication" time="23.188"/>
  <testcase classname="testcases.FacebookApp" name="printInfo" time="0.016"/>
  <testcase classname="testcases.FacebookApp" name="printURL" time="0.017"/>
  <testcase classname="testcases.FacebookApp" name="printHelloMessage" time="0.004"/>
</testsuite> <!-- testcases.FacebookApp -->
