<?xml version="1.0" encoding="UTF-8"?>
<!-- Generated by org.testng.reporters.JUnitReportReporter -->
<testsuite hostname="DESKTOP-R7HB36T" failures="0" tests="2" name="testcases.NaukriApp" time="6.099" errors="0" timestamp="2020-07-04T19:34:22 IST" skipped="0">
  <testcase classname="testcases.NaukriApp" name="openApplication" time="6.003"/>
  <testcase classname="testcases.NaukriApp" name="printInfo" time="0.096"/>
</testsuite> <!-- testcases.NaukriApp -->
